Tourism_App/app/build/intermediates/manifest_merge_blame_file/debug/manifest-merger-blame-debug-report.txt
1<?xml version="1.0" encoding="utf-8"?>
2<manifest xmlns:android="http://schemas.android.com/apk/res/android"
3    package="com.example.namakkaltourism"
4    android:versionCode="1"
5    android:versionName="1.0" >
6
7    <uses-sdk
8        android:minSdkVersion="24"
8-->src\main\AndroidManifest.xml
9        android:targetSdkVersion="33" />
9-->src\main\AndroidManifest.xml
10
11    <permission
11-->[androidx.core:core:1.9.0] AndroidManifest.xml:22:5-24:47
12        android:name="com.example.namakkaltourism.DYNAMIC_RECEIVER_NOT_EXPORTED_PERMISSION"
12-->[androidx.core:core:1.9.0] AndroidManifest.xml:23:9-81
13        android:protectionLevel="signature" />
13-->[androidx.core:core:1.9.0] AndroidManifest.xml:24:9-44
14
15    <uses-permission android:name="com.example.namakkaltourism.DYNAMIC_RECEIVER_NOT_EXPORTED_PERMISSION" />
15-->[androidx.core:core:1.9.0] AndroidManifest.xml:26:5-97
15-->[androidx.core:core:1.9.0] AndroidManifest.xml:26:22-94
16
17    <application
17-->src\main\AndroidManifest.xml:5:5-39:19
18        android:allowBackup="true"
18-->src\main\AndroidManifest.xml:6:9-35
19        android:appComponentFactory="androidx.core.app.CoreComponentFactory"
19-->[androidx.core:core:1.9.0] AndroidManifest.xml:28:18-86
20        android:dataExtractionRules="@xml/data_extraction_rules"
20-->src\main\AndroidManifest.xml:7:9-65
21        android:debuggable="true"
22        android:extractNativeLibs="false"
23        android:fullBackupContent="@xml/backup_rules"
23-->src\main\AndroidManifest.xml:8:9-54
24        android:icon="@mipmap/ic_launcher"
24-->src\main\AndroidManifest.xml:9:9-43
25        android:label="@string/app_name"
25-->src\main\AndroidManifest.xml:10:9-41
26        android:supportsRtl="true"
26-->src\main\AndroidManifest.xml:11:9-35
27        android:theme="@style/Theme.NamakkalTourism" >
27-->src\main\AndroidManifest.xml:12:9-53
28        <activity
28-->src\main\AndroidManifest.xml:14:9-16:40
29            android:name="com.example.namakkaltourism.activity.PlaceDetailsActivity"
29-->src\main\AndroidManifest.xml:15:13-58
30            android:exported="false" />
30-->src\main\AndroidManifest.xml:16:13-37
31        <activity
31-->src\main\AndroidManifest.xml:17:9-19:40
32            android:name="com.example.namakkaltourism.activity.AllPlaceListActivity"
32-->src\main\AndroidManifest.xml:18:13-58
33            android:exported="false" />
33-->src\main\AndroidManifest.xml:19:13-37
34        <activity
34-->src\main\AndroidManifest.xml:20:9-22:40
35            android:name="com.example.namakkaltourism.activity.DangerPlaceListActivity"
35-->src\main\AndroidManifest.xml:21:13-61
36            android:exported="false" />
36-->src\main\AndroidManifest.xml:22:13-37
37        <activity
37-->src\main\AndroidManifest.xml:23:9-25:40
38            android:name="com.example.namakkaltourism.activity.DangerPlaceDetailsActivity"
38-->src\main\AndroidManifest.xml:24:13-64
39            android:exported="false" />
39-->src\main\AndroidManifest.xml:25:13-37
40        <activity
40-->src\main\AndroidManifest.xml:26:9-34:20
41            android:name="com.example.namakkaltourism.activity.MainActivity"
41-->src\main\AndroidManifest.xml:27:13-50
42            android:exported="true" >
42-->src\main\AndroidManifest.xml:28:13-36
43            <intent-filter>
43-->src\main\AndroidManifest.xml:29:13-33:29
44                <action android:name="android.intent.action.MAIN" />
44-->src\main\AndroidManifest.xml:30:17-69
44-->src\main\AndroidManifest.xml:30:25-66
45
46                <category android:name="android.intent.category.LAUNCHER" />
46-->src\main\AndroidManifest.xml:32:17-77
46-->src\main\AndroidManifest.xml:32:27-74
47            </intent-filter>
48        </activity>
49
50        <meta-data
50-->src\main\AndroidManifest.xml:36:9-38:57
51            android:name="preloaded_fonts"
51-->src\main\AndroidManifest.xml:37:13-43
52            android:resource="@array/preloaded_fonts" />
52-->src\main\AndroidManifest.xml:38:13-54
53
54        <provider
54-->[androidx.emoji2:emoji2:1.2.0] AndroidManifest.xml:24:9-32:20
55            android:name="androidx.startup.InitializationProvider"
55-->[androidx.emoji2:emoji2:1.2.0] AndroidManifest.xml:25:13-67
56            android:authorities="com.example.namakkaltourism.androidx-startup"
56-->[androidx.emoji2:emoji2:1.2.0] AndroidManifest.xml:26:13-68
57            android:exported="false" >
57-->[androidx.emoji2:emoji2:1.2.0] AndroidManifest.xml:27:13-37
58            <meta-data
58-->[androidx.emoji2:emoji2:1.2.0] AndroidManifest.xml:29:13-31:52
59                android:name="androidx.emoji2.text.EmojiCompatInitializer"
59-->[androidx.emoji2:emoji2:1.2.0] AndroidManifest.xml:30:17-75
60                android:value="androidx.startup" />
60-->[androidx.emoji2:emoji2:1.2.0] AndroidManifest.xml:31:17-49
61            <meta-data
61-->[androidx.lifecycle:lifecycle-process:2.4.1] AndroidManifest.xml:31:13-33:52
62                android:name="androidx.lifecycle.ProcessLifecycleInitializer"
62-->[androidx.lifecycle:lifecycle-process:2.4.1] AndroidManifest.xml:32:17-78
63                android:value="androidx.startup" />
63-->[androidx.lifecycle:lifecycle-process:2.4.1] AndroidManifest.xml:33:17-49
64        </provider>
65    </application>
66
67</manifest>